# JRE version: OpenJDK Runtime Environment (11.0.8+10) (build 11.0.8+10-b944.6842174)
# Java VM: OpenJDK 64-Bit Server VM (11.0.8+10-b944.6842174, mixed mode, tiered, compressed oops, g1 gc, windows-amd64)
Heap:
 garbage-first heap   total 157696K, used 85878K [0x0000000080000000, 0x0000000100000000)
  region size 1024K, 1 young (1024K), 1 survivors (1024K)
 Metaspace       used 87506K, capacity 89502K, committed 89552K, reserved 1134592K
  class space    used 11171K, capacity 11890K, committed 11904K, reserved 1048576K
GC Heap History (20 events):
Event: 97.255 GC heap before
{Heap before GC invocations=18 (full 0):
 garbage-first heap   total 157696K, used 124182K [0x0000000080000000, 0x0000000100000000)
  region size 1024K, 65 young (66560K), 9 survivors (9216K)
 Metaspace       used 78595K, capacity 80410K, committed 80464K, reserved 1120256K
  class space    used 10074K, capacity 10717K, committed 10752K, reserved 1048576K
}
Event: 97.278 GC heap after
{Heap after GC invocations=19 (full 0):
 garbage-first heap   total 157696K, used 76326K [0x0000000080000000, 0x0000000100000000)
  region size 1024K, 9 young (9216K), 9 survivors (9216K)
 Metaspace       used 78595K, capacity 80410K, committed 80464K, reserved 1120256K
  class space    used 10074K, capacity 10717K, committed 10752K, reserved 1048576K
}
Event: 99.411 GC heap before
{Heap before GC invocations=19 (full 0):
 garbage-first heap   total 157696K, used 112166K [0x0000000080000000, 0x0000000100000000)
  region size 1024K, 43 young (44032K), 9 survivors (9216K)
 Metaspace       used 81292K, capacity 83144K, committed 83408K, reserved 1122304K
  class space    used 10406K, capacity 11053K, committed 11136K, reserved 1048576K
}
Event: 99.434 GC heap after
{Heap after GC invocations=20 (full 0):
 garbage-first heap   total 157696K, used 86434K [0x0000000080000000, 0x0000000100000000)
  region size 1024K, 7 young (7168K), 7 survivors (7168K)
 Metaspace       used 81292K, capacity 83144K, committed 83408K, reserved 1122304K
  class space    used 10406K, capacity 11053K, committed 11136K, reserved 1048576K
}
Event: 102.739 GC heap before
{Heap before GC invocations=21 (full 0):
 garbage-first heap   total 157696K, used 131490K [0x0000000080000000, 0x0000000100000000)
  region size 1024K, 40 young (40960K), 7 survivors (7168K)
 Metaspace       used 82027K, capacity 83879K, committed 84048K, reserved 1122304K
  class space    used 10517K, capacity 11173K, committed 11264K, reserved 1048576K
}
Event: 102.756 GC heap after
{Heap after GC invocations=22 (full 0):
 garbage-first heap   total 157696K, used 88248K [0x0000000080000000, 0x0000000100000000)
  region size 1024K, 3 young (3072K), 3 survivors (3072K)
 Metaspace       used 82027K, capacity 83879K, committed 84048K, reserved 1122304K
  class space    used 10517K, capacity 11173K, committed 11264K, reserved 1048576K
}
Event: 105.063 GC heap before
{Heap before GC invocations=22 (full 0):
 garbage-first heap   total 157696K, used 121016K [0x0000000080000000, 0x0000000100000000)
  region size 1024K, 36 young (36864K), 3 survivors (3072K)
 Metaspace       used 82125K, capacity 83975K, committed 84304K, reserved 1122304K
  class space    used 10530K, capacity 11185K, committed 11264K, reserved 1048576K
}
Event: 105.073 GC heap after
{Heap after GC invocations=23 (full 0):
 garbage-first heap   total 157696K, used 89541K [0x0000000080000000, 0x0000000100000000)
  region size 1024K, 4 young (4096K), 4 survivors (4096K)
 Metaspace       used 82125K, capacity 83975K, committed 84304K, reserved 1122304K
  class space    used 10530K, capacity 11185K, committed 11264K, reserved 1048576K
}
Event: 107.721 GC heap before
{Heap before GC invocations=24 (full 0):
 garbage-first heap   total 157696K, used 123333K [0x0000000080000000, 0x0000000100000000)
  region size 1024K, 38 young (38912K), 4 survivors (4096K)
 Metaspace       used 82188K, capacity 84137K, committed 84304K, reserved 1122304K
  class space    used 10538K, capacity 11217K, committed 11264K, reserved 1048576K
}
Event: 107.730 GC heap after
{Heap after GC invocations=25 (full 0):
 garbage-first heap   total 157696K, used 91524K [0x0000000080000000, 0x0000000100000000)
  region size 1024K, 4 young (4096K), 4 survivors (4096K)
 Metaspace       used 82188K, capacity 84137K, committed 84304K, reserved 1122304K
  class space    used 10538K, capacity 11217K, committed 11264K, reserved 1048576K
}
Event: 107.790 GC heap before
{Heap before GC invocations=25 (full 0):
 garbage-first heap   total 157696K, used 93572K [0x0000000080000000, 0x0000000100000000)
  region size 1024K, 7 young (7168K), 4 survivors (4096K)
 Metaspace       used 82188K, capacity 84137K, committed 84304K, reserved 1122304K
  class space    used 10538K, capacity 11217K, committed 11264K, reserved 1048576K
}
Event: 107.802 GC heap after
{Heap after GC invocations=26 (full 0):
 garbage-first heap   total 157696K, used 86097K [0x0000000080000000, 0x0000000100000000)
  region size 1024K, 1 young (1024K), 1 survivors (1024K)
 Metaspace       used 82188K, capacity 84137K, committed 84304K, reserved 1122304K
  class space    used 10538K, capacity 11217K, committed 11264K, reserved 1048576K
}
Event: 109.879 GC heap before
{Heap before GC invocations=26 (full 0):
 garbage-first heap   total 157696K, used 121937K [0x0000000080000000, 0x0000000100000000)
  region size 1024K, 37 young (37888K), 1 survivors (1024K)
 Metaspace       used 83292K, capacity 85249K, committed 85456K, reserved 1124352K
  class space    used 10692K, capacity 11386K, committed 11392K, reserved 1048576K
}
Event: 109.886 GC heap after
{Heap after GC invocations=27 (full 0):
 garbage-first heap   total 157696K, used 87645K [0x0000000080000000, 0x0000000100000000)
  region size 1024K, 3 young (3072K), 3 survivors (3072K)
 Metaspace       used 83292K, capacity 85249K, committed 85456K, reserved 1124352K
  class space    used 10692K, capacity 11386K, committed 11392K, reserved 1048576K
}
Event: 111.498 GC heap before
{Heap before GC invocations=28 (full 0):
 garbage-first heap   total 157696K, used 124509K [0x0000000080000000, 0x0000000100000000)
  region size 1024K, 39 young (39936K), 3 survivors (3072K)
 Metaspace       used 85896K, capacity 87777K, committed 87888K, reserved 1126400K
  class space    used 11035K, capacity 11738K, committed 11776K, reserved 1048576K
}
Event: 111.506 GC heap after
{Heap after GC invocations=29 (full 0):
 garbage-first heap   total 157696K, used 88741K [0x0000000080000000, 0x0000000100000000)
  region size 1024K, 4 young (4096K), 4 survivors (4096K)
 Metaspace       used 85896K, capacity 87777K, committed 87888K, reserved 1126400K
  class space    used 11035K, capacity 11738K, committed 11776K, reserved 1048576K
}
Event: 111.569 GC heap before
{Heap before GC invocations=29 (full 0):
 garbage-first heap   total 157696K, used 91813K [0x0000000080000000, 0x0000000100000000)
  region size 1024K, 7 young (7168K), 4 survivors (4096K)
 Metaspace       used 85999K, capacity 87905K, committed 88144K, reserved 1126400K
  class space    used 11036K, capacity 11738K, committed 11776K, reserved 1048576K
}
Event: 111.576 GC heap after
{Heap after GC invocations=30 (full 0):
 garbage-first heap   total 157696K, used 82833K [0x0000000080000000, 0x0000000100000000)
  region size 1024K, 1 young (1024K), 1 survivors (1024K)
 Metaspace       used 85999K, capacity 87905K, committed 88144K, reserved 1126400K
  class space    used 11036K, capacity 11738K, committed 11776K, reserved 1048576K
}
Event: 133.578 GC heap before
{Heap before GC invocations=30 (full 0):
 garbage-first heap   total 157696K, used 122769K [0x0000000080000000, 0x0000000100000000)
  region size 1024K, 41 young (41984K), 1 survivors (1024K)
 Metaspace       used 87235K, capacity 89146K, committed 89296K, reserved 1126400K
  class space    used 11144K, capacity 11857K, committed 11904K, reserved 1048576K
}
Event: 133.590 GC heap after
{Heap after GC invocations=31 (full 0):
 garbage-first heap   total 157696K, used 89088K [0x0000000080000000, 0x0000000100000000)
  region size 1024K, 6 young (6144K), 6 survivors (6144K)
 Metaspace       used 87235K, capacity 89146K, committed 89296K, reserved 1126400K
  class space    used 11144K, capacity 11857K, committed 11904K, reserved 1048576K
}

