# JRE version: OpenJDK Runtime Environment (8.0_242-b01) (build 1.8.0_242-release-1644-b01)
# Java VM: OpenJDK 64-Bit Server VM (25.242-b01 mixed mode windows-amd64 compressed oops)
Heap:
 PSYoungGen      total 194048K, used 56835K [0x00000000d5580000, 0x00000000e5900000, 0x0000000100000000)
  eden space 154112K, 10% used [0x00000000d5580000,0x00000000d6608b38,0x00000000dec00000)
  from space 39936K, 99% used [0x00000000e1e00000,0x00000000e44f84a8,0x00000000e4500000)
  to   space 51200K, 0% used [0x00000000dec00000,0x00000000dec00000,0x00000000e1e00000)
 ParOldGen       total 147456K, used 61826K [0x0000000080000000, 0x0000000089000000, 0x00000000d5580000)
  object space 147456K, 41% used [0x0000000080000000,0x0000000083c60a20,0x0000000089000000)
 Metaspace       used 90222K, capacity 94998K, committed 95252K, reserved 1132544K
  class space    used 12041K, capacity 13006K, committed 13116K, reserved 1048576K
GC Heap History (10 events):
Event: 39.084 GC heap before
{Heap before GC invocations=21 (full 3):
 PSYoungGen      total 124928K, used 117968K [0x00000000d5580000, 0x00000000df700000, 0x0000000100000000)
  eden space 105472K, 100% used [0x00000000d5580000,0x00000000dbc80000,0x00000000dbc80000)
  from space 19456K, 64% used [0x00000000dbc80000,0x00000000dc8b41d0,0x00000000dcf80000)
  to   space 19968K, 0% used [0x00000000de380000,0x00000000de380000,0x00000000df700000)
 ParOldGen       total 147456K, used 35024K [0x0000000080000000, 0x0000000089000000, 0x00000000d5580000)
  object space 147456K, 23% used [0x0000000080000000,0x00000000822340d0,0x0000000089000000)
 Metaspace       used 72152K, capacity 75582K, committed 75668K, reserved 1114112K
  class space    used 9916K, capacity 10598K, committed 10684K, reserved 1048576K
Event: 39.104 GC heap after
Heap after GC invocations=21 (full 3):
 PSYoungGen      total 142848K, used 19038K [0x00000000d5580000, 0x00000000dfb00000, 0x0000000100000000)
  eden space 122880K, 0% used [0x00000000d5580000,0x00000000d5580000,0x00000000dcd80000)
  from space 19968K, 95% used [0x00000000de380000,0x00000000df617be8,0x00000000df700000)
  to   space 22528K, 0% used [0x00000000dcd80000,0x00000000dcd80000,0x00000000de380000)
 ParOldGen       total 147456K, used 35032K [0x0000000080000000, 0x0000000089000000, 0x00000000d5580000)
  object space 147456K, 23% used [0x0000000080000000,0x00000000822360d0,0x0000000089000000)
 Metaspace       used 72152K, capacity 75582K, committed 75668K, reserved 1114112K
  class space    used 9916K, capacity 10598K, committed 10684K, reserved 1048576K
}
Event: 40.734 GC heap before
{Heap before GC invocations=22 (full 3):
 PSYoungGen      total 142848K, used 141918K [0x00000000d5580000, 0x00000000dfb00000, 0x0000000100000000)
  eden space 122880K, 100% used [0x00000000d5580000,0x00000000dcd80000,0x00000000dcd80000)
  from space 19968K, 95% used [0x00000000de380000,0x00000000df617be8,0x00000000df700000)
  to   space 22528K, 0% used [0x00000000dcd80000,0x00000000dcd80000,0x00000000de380000)
 ParOldGen       total 147456K, used 35032K [0x0000000080000000, 0x0000000089000000, 0x00000000d5580000)
  object space 147456K, 23% used [0x0000000080000000,0x00000000822360d0,0x0000000089000000)
 Metaspace       used 77799K, capacity 81580K, committed 81812K, reserved 1120256K
  class space    used 10610K, capacity 11335K, committed 11452K, reserved 1048576K
Event: 40.758 GC heap after
Heap after GC invocations=22 (full 3):
 PSYoungGen      total 145408K, used 22506K [0x00000000d5580000, 0x00000000e1a80000, 0x0000000100000000)
  eden space 122880K, 0% used [0x00000000d5580000,0x00000000d5580000,0x00000000dcd80000)
  from space 22528K, 99% used [0x00000000dcd80000,0x00000000de37a9d8,0x00000000de380000)
  to   space 27136K, 0% used [0x00000000e0000000,0x00000000e0000000,0x00000000e1a80000)
 ParOldGen       total 147456K, used 39218K [0x0000000080000000, 0x0000000089000000, 0x00000000d5580000)
  object space 147456K, 26% used [0x0000000080000000,0x000000008264cb98,0x0000000089000000)
 Metaspace       used 77799K, capacity 81580K, committed 81812K, reserved 1120256K
  class space    used 10610K, capacity 11335K, committed 11452K, reserved 1048576K
}
Event: 44.527 GC heap before
{Heap before GC invocations=23 (full 3):
 PSYoungGen      total 145408K, used 145386K [0x00000000d5580000, 0x00000000e1a80000, 0x0000000100000000)
  eden space 122880K, 100% used [0x00000000d5580000,0x00000000dcd80000,0x00000000dcd80000)
  from space 22528K, 99% used [0x00000000dcd80000,0x00000000de37a9d8,0x00000000de380000)
  to   space 27136K, 0% used [0x00000000e0000000,0x00000000e0000000,0x00000000e1a80000)
 ParOldGen       total 147456K, used 39218K [0x0000000080000000, 0x0000000089000000, 0x00000000d5580000)
  object space 147456K, 26% used [0x0000000080000000,0x000000008264cb98,0x0000000089000000)
 Metaspace       used 82883K, capacity 86852K, committed 87188K, reserved 1124352K
  class space    used 11311K, capacity 12109K, committed 12220K, reserved 1048576K
Event: 44.558 GC heap after
Heap after GC invocations=23 (full 3):
 PSYoungGen      total 168448K, used 27131K [0x00000000d5580000, 0x00000000e2600000, 0x0000000100000000)
  eden space 141312K, 0% used [0x00000000d5580000,0x00000000d5580000,0x00000000ddf80000)
  from space 27136K, 99% used [0x00000000e0000000,0x00000000e1a7ef68,0x00000000e1a80000)
  to   space 33280K, 0% used [0x00000000ddf80000,0x00000000ddf80000,0x00000000e0000000)
 ParOldGen       total 147456K, used 44785K [0x0000000080000000, 0x0000000089000000, 0x00000000d5580000)
  object space 147456K, 30% used [0x0000000080000000,0x0000000082bbc418,0x0000000089000000)
 Metaspace       used 82883K, capacity 86852K, committed 87188K, reserved 1124352K
  class space    used 11311K, capacity 12109K, committed 12220K, reserved 1048576K
}
Event: 195.228 GC heap before
{Heap before GC invocations=24 (full 3):
 PSYoungGen      total 168448K, used 168443K [0x00000000d5580000, 0x00000000e2600000, 0x0000000100000000)
  eden space 141312K, 100% used [0x00000000d5580000,0x00000000ddf80000,0x00000000ddf80000)
  from space 27136K, 99% used [0x00000000e0000000,0x00000000e1a7ef68,0x00000000e1a80000)
  to   space 33280K, 0% used [0x00000000ddf80000,0x00000000ddf80000,0x00000000e0000000)
 ParOldGen       total 147456K, used 44785K [0x0000000080000000, 0x0000000089000000, 0x00000000d5580000)
  object space 147456K, 30% used [0x0000000080000000,0x0000000082bbc418,0x0000000089000000)
 Metaspace       used 88567K, capacity 93252K, committed 93460K, reserved 1130496K
  class space    used 11870K, capacity 12839K, committed 12860K, reserved 1048576K
Event: 195.269 GC heap after
Heap after GC invocations=24 (full 3):
 PSYoungGen      total 174592K, used 33273K [0x00000000d5580000, 0x00000000e4500000, 0x0000000100000000)
  eden space 141312K, 0% used [0x00000000d5580000,0x00000000d5580000,0x00000000ddf80000)
  from space 33280K, 99% used [0x00000000ddf80000,0x00000000dfffe5e0,0x00000000e0000000)
  to   space 39936K, 0% used [0x00000000e1e00000,0x00000000e1e00000,0x00000000e4500000)
 ParOldGen       total 147456K, used 49442K [0x0000000080000000, 0x0000000089000000, 0x00000000d5580000)
  object space 147456K, 33% used [0x0000000080000000,0x0000000083048ad8,0x0000000089000000)
 Metaspace       used 88567K, capacity 93252K, committed 93460K, reserved 1130496K
  class space    used 11870K, capacity 12839K, committed 12860K, reserved 1048576K
}
Event: 208.332 GC heap before
{Heap before GC invocations=25 (full 3):
 PSYoungGen      total 174592K, used 174585K [0x00000000d5580000, 0x00000000e4500000, 0x0000000100000000)
  eden space 141312K, 100% used [0x00000000d5580000,0x00000000ddf80000,0x00000000ddf80000)
  from space 33280K, 99% used [0x00000000ddf80000,0x00000000dfffe5e0,0x00000000e0000000)
  to   space 39936K, 0% used [0x00000000e1e00000,0x00000000e1e00000,0x00000000e4500000)
 ParOldGen       total 147456K, used 49442K [0x0000000080000000, 0x0000000089000000, 0x00000000d5580000)
  object space 147456K, 33% used [0x0000000080000000,0x0000000083048ad8,0x0000000089000000)
 Metaspace       used 90217K, capacity 94998K, committed 95252K, reserved 1132544K
  class space    used 12041K, capacity 13006K, committed 13116K, reserved 1048576K
Event: 208.381 GC heap after
Heap after GC invocations=25 (full 3):
 PSYoungGen      total 194048K, used 39905K [0x00000000d5580000, 0x00000000e5900000, 0x0000000100000000)
  eden space 154112K, 0% used [0x00000000d5580000,0x00000000d5580000,0x00000000dec00000)
  from space 39936K, 99% used [0x00000000e1e00000,0x00000000e44f84a8,0x00000000e4500000)
  to   space 51200K, 0% used [0x00000000dec00000,0x00000000dec00000,0x00000000e1e00000)
 ParOldGen       total 147456K, used 61826K [0x0000000080000000, 0x0000000089000000, 0x00000000d5580000)
  object space 147456K, 41% used [0x0000000080000000,0x0000000083c60a20,0x0000000089000000)
 Metaspace       used 90217K, capacity 94998K, committed 95252K, reserved 1132544K
  class space    used 12041K, capacity 13006K, committed 13116K, reserved 1048576K
}

