# JRE version: OpenJDK Runtime Environment (11.0.8+10) (build 11.0.8+10-b944.6842174)
# Java VM: OpenJDK 64-Bit Server VM (11.0.8+10-b944.6842174, mixed mode, tiered, compressed oops, g1 gc, windows-amd64)
Heap:
 garbage-first heap   total 131072K, used 60113K [0x0000000081e00000, 0x0000000100000000)
  region size 1024K, 43 young (44032K), 3 survivors (3072K)
 Metaspace       used 42923K, capacity 43362K, committed 43440K, reserved 1087488K
  class space    used 5155K, capacity 5319K, committed 5376K, reserved 1048576K
GC Heap History (8 events):
Event: 0.424 GC heap before
{Heap before GC invocations=0 (full 0):
 garbage-first heap   total 131072K, used 17408K [0x0000000081e00000, 0x0000000100000000)
  region size 1024K, 14 young (14336K), 0 survivors (0K)
 Metaspace       used 9986K, capacity 10056K, committed 10240K, reserved 1058816K
  class space    used 893K, capacity 926K, committed 1024K, reserved 1048576K
}
Event: 0.426 GC heap after
{Heap after GC invocations=1 (full 0):
 garbage-first heap   total 131072K, used 5287K [0x0000000081e00000, 0x0000000100000000)
  region size 1024K, 2 young (2048K), 2 survivors (2048K)
 Metaspace       used 9986K, capacity 10056K, committed 10240K, reserved 1058816K
  class space    used 893K, capacity 926K, committed 1024K, reserved 1048576K
}
Event: 1.167 GC heap before
{Heap before GC invocations=1 (full 0):
 garbage-first heap   total 131072K, used 49319K [0x0000000081e00000, 0x0000000100000000)
  region size 1024K, 46 young (47104K), 2 survivors (2048K)
 Metaspace       used 20844K, capacity 21111K, committed 21296K, reserved 1069056K
  class space    used 2232K, capacity 2334K, committed 2432K, reserved 1048576K
}
Event: 1.177 GC heap after
{Heap after GC invocations=2 (full 0):
 garbage-first heap   total 131072K, used 9339K [0x0000000081e00000, 0x0000000100000000)
  region size 1024K, 6 young (6144K), 6 survivors (6144K)
 Metaspace       used 20844K, capacity 21111K, committed 21296K, reserved 1069056K
  class space    used 2232K, capacity 2334K, committed 2432K, reserved 1048576K
}
Event: 2.022 GC heap before
{Heap before GC invocations=3 (full 0):
 garbage-first heap   total 131072K, used 60539K [0x0000000081e00000, 0x0000000100000000)
  region size 1024K, 50 young (51200K), 6 survivors (6144K)
 Metaspace       used 29787K, capacity 30235K, committed 30640K, reserved 1077248K
  class space    used 3304K, capacity 3466K, committed 3584K, reserved 1048576K
}
Event: 2.041 GC heap after
{Heap after GC invocations=4 (full 0):
 garbage-first heap   total 131072K, used 15657K [0x0000000081e00000, 0x0000000100000000)
  region size 1024K, 7 young (7168K), 7 survivors (7168K)
 Metaspace       used 29787K, capacity 30235K, committed 30640K, reserved 1077248K
  class space    used 3304K, capacity 3466K, committed 3584K, reserved 1048576K
}
Event: 2.381 GC heap before
{Heap before GC invocations=4 (full 0):
 garbage-first heap   total 131072K, used 40233K [0x0000000081e00000, 0x0000000100000000)
  region size 1024K, 32 young (32768K), 7 survivors (7168K)
 Metaspace       used 35323K, capacity 35728K, committed 35888K, reserved 1081344K
  class space    used 4234K, capacity 4399K, committed 4480K, reserved 1048576K
}
Event: 2.401 GC heap after
{Heap after GC invocations=5 (full 0):
 garbage-first heap   total 131072K, used 18129K [0x0000000081e00000, 0x0000000100000000)
  region size 1024K, 3 young (3072K), 3 survivors (3072K)
 Metaspace       used 35323K, capacity 35728K, committed 35888K, reserved 1081344K
  class space    used 4234K, capacity 4399K, committed 4480K, reserved 1048576K
}

