# JRE version: OpenJDK Runtime Environment (8.0_242-b01) (build 1.8.0_242-release-1644-b01)
# Java VM: OpenJDK 64-Bit Server VM (25.242-b01 mixed mode windows-amd64 compressed oops)
Heap:
 PSYoungGen      total 497664K, used 194649K [0x00000000d5580000, 0x00000000ff700000, 0x0000000100000000)
  eden space 383488K, 31% used [0x00000000d5580000,0x00000000dcd295e0,0x00000000ecc00000)
  from space 114176K, 63% used [0x00000000ecc00000,0x00000000f126cfa8,0x00000000f3b80000)
  to   space 117760K, 0% used [0x00000000f8400000,0x00000000f8400000,0x00000000ff700000)
 ParOldGen       total 216576K, used 163537K [0x0000000080000000, 0x000000008d380000, 0x00000000d5580000)
  object space 216576K, 75% used [0x0000000080000000,0x0000000089fb4600,0x000000008d380000)
 Metaspace       used 125263K, capacity 134882K, committed 135000K, reserved 1165312K
  class space    used 16379K, capacity 18299K, committed 18304K, reserved 1048576K
GC Heap History (10 events):
Event: 1524.227 GC heap before
{Heap before GC invocations=27 (full 4):
 PSYoungGen      total 373760K, used 347683K [0x00000000d5580000, 0x00000000f1180000, 0x0000000100000000)
  eden space 312320K, 100% used [0x00000000d5580000,0x00000000e8680000,0x00000000e8680000)
  from space 61440K, 57% used [0x00000000ed580000,0x00000000ef808ca0,0x00000000f1180000)
  to   space 71168K, 0% used [0x00000000e8680000,0x00000000e8680000,0x00000000ecc00000)
 ParOldGen       total 216576K, used 84013K [0x0000000080000000, 0x000000008d380000, 0x00000000d5580000)
  object space 216576K, 38% used [0x0000000080000000,0x000000008520b540,0x000000008d380000)
 Metaspace       used 108392K, capacity 115930K, committed 116184K, reserved 1148928K
  class space    used 14151K, capacity 15810K, committed 15872K, reserved 1048576K
Event: 1524.254 GC heap after
Heap after GC invocations=27 (full 4):
 PSYoungGen      total 383488K, used 16395K [0x00000000d5580000, 0x00000000f3d80000, 0x0000000100000000)
  eden space 312320K, 0% used [0x00000000d5580000,0x00000000d5580000,0x00000000e8680000)
  from space 71168K, 23% used [0x00000000e8680000,0x00000000e9682da0,0x00000000ecc00000)
  to   space 69120K, 0% used [0x00000000efa00000,0x00000000efa00000,0x00000000f3d80000)
 ParOldGen       total 216576K, used 84021K [0x0000000080000000, 0x000000008d380000, 0x00000000d5580000)
  object space 216576K, 38% used [0x0000000080000000,0x000000008520d540,0x000000008d380000)
 Metaspace       used 108392K, capacity 115930K, committed 116184K, reserved 1148928K
  class space    used 14151K, capacity 15810K, committed 15872K, reserved 1048576K
}
Event: 1532.581 GC heap before
{Heap before GC invocations=28 (full 4):
 PSYoungGen      total 383488K, used 328715K [0x00000000d5580000, 0x00000000f3d80000, 0x0000000100000000)
  eden space 312320K, 100% used [0x00000000d5580000,0x00000000e8680000,0x00000000e8680000)
  from space 71168K, 23% used [0x00000000e8680000,0x00000000e9682da0,0x00000000ecc00000)
  to   space 69120K, 0% used [0x00000000efa00000,0x00000000efa00000,0x00000000f3d80000)
 ParOldGen       total 216576K, used 84021K [0x0000000080000000, 0x000000008d380000, 0x00000000d5580000)
  object space 216576K, 38% used [0x0000000080000000,0x000000008520d540,0x000000008d380000)
 Metaspace       used 114767K, capacity 122522K, committed 122584K, reserved 1155072K
  class space    used 14932K, capacity 16609K, committed 16640K, reserved 1048576K
Event: 1532.628 GC heap after
Heap after GC invocations=28 (full 4):
 PSYoungGen      total 429056K, used 43647K [0x00000000d5580000, 0x00000000f3f80000, 0x0000000100000000)
  eden space 359936K, 0% used [0x00000000d5580000,0x00000000d5580000,0x00000000eb500000)
  from space 69120K, 63% used [0x00000000efa00000,0x00000000f249fd10,0x00000000f3d80000)
  to   space 70656K, 0% used [0x00000000eb500000,0x00000000eb500000,0x00000000efa00000)
 ParOldGen       total 216576K, used 84029K [0x0000000080000000, 0x000000008d380000, 0x00000000d5580000)
  object space 216576K, 38% used [0x0000000080000000,0x000000008520f540,0x000000008d380000)
 Metaspace       used 114767K, capacity 122522K, committed 122584K, reserved 1155072K
  class space    used 14932K, capacity 16609K, committed 16640K, reserved 1048576K
}
Event: 1540.230 GC heap before
{Heap before GC invocations=29 (full 4):
 PSYoungGen      total 429056K, used 403583K [0x00000000d5580000, 0x00000000f3f80000, 0x0000000100000000)
  eden space 359936K, 100% used [0x00000000d5580000,0x00000000eb500000,0x00000000eb500000)
  from space 69120K, 63% used [0x00000000efa00000,0x00000000f249fd10,0x00000000f3d80000)
  to   space 70656K, 0% used [0x00000000eb500000,0x00000000eb500000,0x00000000efa00000)
 ParOldGen       total 216576K, used 84029K [0x0000000080000000, 0x000000008d380000, 0x00000000d5580000)
  object space 216576K, 38% used [0x0000000080000000,0x000000008520f540,0x000000008d380000)
 Metaspace       used 123349K, capacity 132652K, committed 132696K, reserved 1163264K
  class space    used 16181K, capacity 18042K, committed 18048K, reserved 1048576K
Event: 1540.342 GC heap after
Heap after GC invocations=29 (full 4):
 PSYoungGen      total 430592K, used 70650K [0x00000000d5580000, 0x00000000f9200000, 0x0000000100000000)
  eden space 359936K, 0% used [0x00000000d5580000,0x00000000d5580000,0x00000000eb500000)
  from space 70656K, 99% used [0x00000000eb500000,0x00000000ef9fe9e8,0x00000000efa00000)
  to   space 88576K, 0% used [0x00000000f3b80000,0x00000000f3b80000,0x00000000f9200000)
 ParOldGen       total 216576K, used 101909K [0x0000000080000000, 0x000000008d380000, 0x00000000d5580000)
  object space 216576K, 47% used [0x0000000080000000,0x0000000086385460,0x000000008d380000)
 Metaspace       used 123349K, capacity 132652K, committed 132696K, reserved 1163264K
  class space    used 16181K, capacity 18042K, committed 18048K, reserved 1048576K
}
Event: 1543.507 GC heap before
{Heap before GC invocations=30 (full 4):
 PSYoungGen      total 430592K, used 430586K [0x00000000d5580000, 0x00000000f9200000, 0x0000000100000000)
  eden space 359936K, 100% used [0x00000000d5580000,0x00000000eb500000,0x00000000eb500000)
  from space 70656K, 99% used [0x00000000eb500000,0x00000000ef9fe9e8,0x00000000efa00000)
  to   space 88576K, 0% used [0x00000000f3b80000,0x00000000f3b80000,0x00000000f9200000)
 ParOldGen       total 216576K, used 101909K [0x0000000080000000, 0x000000008d380000, 0x00000000d5580000)
  object space 216576K, 47% used [0x0000000080000000,0x0000000086385460,0x000000008d380000)
 Metaspace       used 123628K, capacity 132880K, committed 132952K, reserved 1165312K
  class space    used 16184K, capacity 18046K, committed 18048K, reserved 1048576K
Event: 1543.696 GC heap after
Heap after GC invocations=30 (full 4):
 PSYoungGen      total 472064K, used 88574K [0x00000000d5580000, 0x00000000fdb00000, 0x0000000100000000)
  eden space 383488K, 0% used [0x00000000d5580000,0x00000000d5580000,0x00000000ecc00000)
  from space 88576K, 99% used [0x00000000f3b80000,0x00000000f91ff8c8,0x00000000f9200000)
  to   space 114176K, 0% used [0x00000000ecc00000,0x00000000ecc00000,0x00000000f3b80000)
 ParOldGen       total 216576K, used 133246K [0x0000000080000000, 0x000000008d380000, 0x00000000d5580000)
  object space 216576K, 61% used [0x0000000080000000,0x000000008821f908,0x000000008d380000)
 Metaspace       used 123628K, capacity 132880K, committed 132952K, reserved 1165312K
  class space    used 16184K, capacity 18046K, committed 18048K, reserved 1048576K
}
Event: 1621.977 GC heap before
{Heap before GC invocations=31 (full 4):
 PSYoungGen      total 472064K, used 472062K [0x00000000d5580000, 0x00000000fdb00000, 0x0000000100000000)
  eden space 383488K, 100% used [0x00000000d5580000,0x00000000ecc00000,0x00000000ecc00000)
  from space 88576K, 99% used [0x00000000f3b80000,0x00000000f91ff8c8,0x00000000f9200000)
  to   space 114176K, 0% used [0x00000000ecc00000,0x00000000ecc00000,0x00000000f3b80000)
 ParOldGen       total 216576K, used 133246K [0x0000000080000000, 0x000000008d380000, 0x00000000d5580000)
  object space 216576K, 61% used [0x0000000080000000,0x000000008821f908,0x000000008d380000)
 Metaspace       used 125198K, capacity 134862K, committed 135000K, reserved 1165312K
  class space    used 16377K, capacity 18297K, committed 18304K, reserved 1048576K
Event: 1622.115 GC heap after
Heap after GC invocations=31 (full 4):
 PSYoungGen      total 497664K, used 72115K [0x00000000d5580000, 0x00000000ff700000, 0x0000000100000000)
  eden space 383488K, 0% used [0x00000000d5580000,0x00000000d5580000,0x00000000ecc00000)
  from space 114176K, 63% used [0x00000000ecc00000,0x00000000f126cfa8,0x00000000f3b80000)
  to   space 117760K, 0% used [0x00000000f8400000,0x00000000f8400000,0x00000000ff700000)
 ParOldGen       total 216576K, used 163537K [0x0000000080000000, 0x000000008d380000, 0x00000000d5580000)
  object space 216576K, 75% used [0x0000000080000000,0x0000000089fb4600,0x000000008d380000)
 Metaspace       used 125198K, capacity 134862K, committed 135000K, reserved 1165312K
  class space    used 16377K, capacity 18297K, committed 18304K, reserved 1048576K
}

