# JRE version: OpenJDK Runtime Environment (11.0.8+10) (build 11.0.8+10-b944.6842174)
# Java VM: OpenJDK 64-Bit Server VM (11.0.8+10-b944.6842174, mixed mode, tiered, compressed oops, g1 gc, windows-amd64)
Heap:
 garbage-first heap   total 616448K, used 227542K [0x0000000080000000, 0x0000000100000000)
  region size 1024K, 4 young (4096K), 4 survivors (4096K)
 Metaspace       used 124592K, capacity 127393K, committed 127612K, reserved 1161216K
  class space    used 15463K, capacity 16515K, committed 16588K, reserved 1048576K
GC Heap History (20 events):
Event: 104.666 GC heap after
{Heap after GC invocations=81 (full 0):
 garbage-first heap   total 227328K, used 159298K [0x0000000080000000, 0x0000000100000000)
  region size 1024K, 1 young (1024K), 1 survivors (1024K)
 Metaspace       used 121602K, capacity 124409K, committed 124540K, reserved 1157120K
  class space    used 15188K, capacity 16238K, committed 16332K, reserved 1048576K
}
Event: 105.098 GC heap before
{Heap before GC invocations=81 (full 0):
 garbage-first heap   total 227328K, used 176706K [0x0000000080000000, 0x0000000100000000)
  region size 1024K, 18 young (18432K), 1 survivors (1024K)
 Metaspace       used 122532K, capacity 125362K, committed 125564K, reserved 1159168K
  class space    used 15289K, capacity 16318K, committed 16332K, reserved 1048576K
}
Event: 105.118 GC heap after
{Heap after GC invocations=82 (full 0):
 garbage-first heap   total 227328K, used 167333K [0x0000000080000000, 0x0000000100000000)
  region size 1024K, 3 young (3072K), 3 survivors (3072K)
 Metaspace       used 122532K, capacity 125362K, committed 125564K, reserved 1159168K
  class space    used 15289K, capacity 16318K, committed 16332K, reserved 1048576K
}
Event: 105.360 GC heap before
{Heap before GC invocations=83 (full 0):
 garbage-first heap   total 227328K, used 182693K [0x0000000080000000, 0x0000000100000000)
  region size 1024K, 18 young (18432K), 3 survivors (3072K)
 Metaspace       used 122653K, capacity 125458K, committed 125692K, reserved 1159168K
  class space    used 15300K, capacity 16350K, committed 16460K, reserved 1048576K
}
Event: 105.383 GC heap after
{Heap after GC invocations=84 (full 0):
 garbage-first heap   total 273408K, used 175936K [0x0000000080000000, 0x0000000100000000)
  region size 1024K, 3 young (3072K), 3 survivors (3072K)
 Metaspace       used 122653K, capacity 125458K, committed 125692K, reserved 1159168K
  class space    used 15300K, capacity 16350K, committed 16460K, reserved 1048576K
}
Event: 105.649 GC heap before
{Heap before GC invocations=84 (full 0):
 garbage-first heap   total 273408K, used 201536K [0x0000000080000000, 0x0000000100000000)
  region size 1024K, 29 young (29696K), 3 survivors (3072K)
 Metaspace       used 123005K, capacity 125812K, committed 125948K, reserved 1159168K
  class space    used 15338K, capacity 16382K, committed 16460K, reserved 1048576K
}
Event: 105.675 GC heap after
{Heap after GC invocations=85 (full 0):
 garbage-first heap   total 273408K, used 189801K [0x0000000080000000, 0x0000000100000000)
  region size 1024K, 4 young (4096K), 4 survivors (4096K)
 Metaspace       used 123005K, capacity 125812K, committed 125948K, reserved 1159168K
  class space    used 15338K, capacity 16382K, committed 16460K, reserved 1048576K
}
Event: 106.094 GC heap before
{Heap before GC invocations=85 (full 0):
 garbage-first heap   total 273408K, used 211305K [0x0000000080000000, 0x0000000100000000)
  region size 1024K, 26 young (26624K), 4 survivors (4096K)
 Metaspace       used 123105K, capacity 125876K, committed 126204K, reserved 1159168K
  class space    used 15348K, capacity 16382K, committed 16460K, reserved 1048576K
}
Event: 106.119 GC heap after
{Heap after GC invocations=86 (full 0):
 garbage-first heap   total 273408K, used 201728K [0x0000000080000000, 0x0000000100000000)
  region size 1024K, 4 young (4096K), 4 survivors (4096K)
 Metaspace       used 123105K, capacity 125876K, committed 126204K, reserved 1159168K
  class space    used 15348K, capacity 16382K, committed 16460K, reserved 1048576K
}
Event: 106.459 GC heap before
{Heap before GC invocations=86 (full 0):
 garbage-first heap   total 273408K, used 220160K [0x0000000080000000, 0x0000000100000000)
  region size 1024K, 22 young (22528K), 4 survivors (4096K)
 Metaspace       used 123514K, capacity 126359K, committed 126460K, reserved 1159168K
  class space    used 15371K, capacity 16413K, committed 16460K, reserved 1048576K
}
Event: 106.487 GC heap after
{Heap after GC invocations=87 (full 0):
 garbage-first heap   total 273408K, used 208896K [0x0000000080000000, 0x0000000100000000)
  region size 1024K, 3 young (3072K), 3 survivors (3072K)
 Metaspace       used 123514K, capacity 126359K, committed 126460K, reserved 1159168K
  class space    used 15371K, capacity 16413K, committed 16460K, reserved 1048576K
}
Event: 106.724 GC heap before
{Heap before GC invocations=88 (full 0):
 garbage-first heap   total 273408K, used 224256K [0x0000000080000000, 0x0000000100000000)
  region size 1024K, 19 young (19456K), 3 survivors (3072K)
 Metaspace       used 123662K, capacity 126492K, committed 126716K, reserved 1159168K
  class space    used 15388K, capacity 16414K, committed 16460K, reserved 1048576K
}
Event: 106.752 GC heap after
{Heap after GC invocations=89 (full 0):
 garbage-first heap   total 454656K, used 213816K [0x0000000080000000, 0x0000000100000000)
  region size 1024K, 3 young (3072K), 3 survivors (3072K)
 Metaspace       used 123662K, capacity 126492K, committed 126716K, reserved 1159168K
  class space    used 15388K, capacity 16414K, committed 16460K, reserved 1048576K
}
Event: 107.224 GC heap before
{Heap before GC invocations=89 (full 0):
 garbage-first heap   total 454656K, used 242488K [0x0000000080000000, 0x0000000100000000)
  region size 1024K, 32 young (32768K), 3 survivors (3072K)
 Metaspace       used 123908K, capacity 126659K, committed 126716K, reserved 1159168K
  class space    used 15406K, capacity 16447K, committed 16460K, reserved 1048576K
}
Event: 107.246 GC heap after
{Heap after GC invocations=90 (full 0):
 garbage-first heap   total 454656K, used 216490K [0x0000000080000000, 0x0000000100000000)
  region size 1024K, 6 young (6144K), 6 survivors (6144K)
 Metaspace       used 123908K, capacity 126659K, committed 126716K, reserved 1159168K
  class space    used 15406K, capacity 16447K, committed 16460K, reserved 1048576K
}
Event: 109.390 GC heap before
{Heap before GC invocations=91 (full 0):
 garbage-first heap   total 454656K, used 282026K [0x0000000080000000, 0x0000000100000000)
  region size 1024K, 73 young (74752K), 6 survivors (6144K)
 Metaspace       used 124487K, capacity 127289K, committed 127612K, reserved 1161216K
  class space    used 15445K, capacity 16480K, committed 16588K, reserved 1048576K
}
Event: 109.426 GC heap after
{Heap after GC invocations=92 (full 0):
 garbage-first heap   total 454656K, used 218550K [0x0000000080000000, 0x0000000100000000)
  region size 1024K, 10 young (10240K), 10 survivors (10240K)
 Metaspace       used 124487K, capacity 127289K, committed 127612K, reserved 1161216K
  class space    used 15445K, capacity 16480K, committed 16588K, reserved 1048576K
}
Event: 110.122 GC heap before
{Heap before GC invocations=92 (full 0):
 garbage-first heap   total 454656K, used 238006K [0x0000000080000000, 0x0000000100000000)
  region size 1024K, 22 young (22528K), 10 survivors (10240K)
 Metaspace       used 124592K, capacity 127393K, committed 127612K, reserved 1161216K
  class space    used 15463K, capacity 16515K, committed 16588K, reserved 1048576K
}
Event: 110.147 GC heap after
{Heap after GC invocations=93 (full 0):
 garbage-first heap   total 454656K, used 227136K [0x0000000080000000, 0x0000000100000000)
  region size 1024K, 3 young (3072K), 3 survivors (3072K)
 Metaspace       used 124592K, capacity 127393K, committed 127612K, reserved 1161216K
  class space    used 15463K, capacity 16515K, committed 16588K, reserved 1048576K
}
Event: 110.175 GC heap before
{Heap before GC invocations=93 (full 0):
 garbage-first heap   total 454656K, used 228160K [0x0000000080000000, 0x0000000100000000)
  region size 1024K, 5 young (5120K), 3 survivors (3072K)
 Metaspace       used 124592K, capacity 127393K, committed 127612K, reserved 1161216K
  class space    used 15463K, capacity 16515K, committed 16588K, reserved 1048576K
}

