# JRE version: OpenJDK Runtime Environment (11.0.8+10) (build 11.0.8+10-b944.6842174)
# Java VM: OpenJDK 64-Bit Server VM (11.0.8+10-b944.6842174, mixed mode, tiered, compressed oops, g1 gc, windows-amd64)
Heap:
 garbage-first heap   total 131072K, used 58559K [0x0000000081e00000, 0x0000000100000000)
  region size 1024K, 41 young (41984K), 3 survivors (3072K)
 Metaspace       used 42676K, capacity 43023K, committed 43056K, reserved 1089536K
  class space    used 5109K, capacity 5248K, committed 5248K, reserved 1048576K
GC Heap History (8 events):
Event: 0.448 GC heap before
{Heap before GC invocations=0 (full 0):
 garbage-first heap   total 131072K, used 17408K [0x0000000081e00000, 0x0000000100000000)
  region size 1024K, 14 young (14336K), 0 survivors (0K)
 Metaspace       used 9982K, capacity 10056K, committed 10240K, reserved 1058816K
  class space    used 893K, capacity 926K, committed 1024K, reserved 1048576K
}
Event: 0.451 GC heap after
{Heap after GC invocations=1 (full 0):
 garbage-first heap   total 131072K, used 5224K [0x0000000081e00000, 0x0000000100000000)
  region size 1024K, 2 young (2048K), 2 survivors (2048K)
 Metaspace       used 9982K, capacity 10056K, committed 10240K, reserved 1058816K
  class space    used 893K, capacity 926K, committed 1024K, reserved 1048576K
}
Event: 1.228 GC heap before
{Heap before GC invocations=1 (full 0):
 garbage-first heap   total 131072K, used 49256K [0x0000000081e00000, 0x0000000100000000)
  region size 1024K, 46 young (47104K), 2 survivors (2048K)
 Metaspace       used 20845K, capacity 21117K, committed 21296K, reserved 1069056K
  class space    used 2233K, capacity 2336K, committed 2432K, reserved 1048576K
}
Event: 1.238 GC heap after
{Heap after GC invocations=2 (full 0):
 garbage-first heap   total 131072K, used 9397K [0x0000000081e00000, 0x0000000100000000)
  region size 1024K, 7 young (7168K), 7 survivors (7168K)
 Metaspace       used 20845K, capacity 21117K, committed 21296K, reserved 1069056K
  class space    used 2233K, capacity 2336K, committed 2432K, reserved 1048576K
}
Event: 2.840 GC heap before
{Heap before GC invocations=3 (full 0):
 garbage-first heap   total 131072K, used 62645K [0x0000000081e00000, 0x0000000100000000)
  region size 1024K, 53 young (54272K), 7 survivors (7168K)
 Metaspace       used 30183K, capacity 30587K, committed 30896K, reserved 1077248K
  class space    used 3350K, capacity 3498K, committed 3584K, reserved 1048576K
}
Event: 2.862 GC heap after
{Heap after GC invocations=4 (full 0):
 garbage-first heap   total 131072K, used 15787K [0x0000000081e00000, 0x0000000100000000)
  region size 1024K, 7 young (7168K), 7 survivors (7168K)
 Metaspace       used 30183K, capacity 30587K, committed 30896K, reserved 1077248K
  class space    used 3350K, capacity 3498K, committed 3584K, reserved 1048576K
}
Event: 3.230 GC heap before
{Heap before GC invocations=4 (full 0):
 garbage-first heap   total 131072K, used 37291K [0x0000000081e00000, 0x0000000100000000)
  region size 1024K, 29 young (29696K), 7 survivors (7168K)
 Metaspace       used 35324K, capacity 35728K, committed 35888K, reserved 1081344K
  class space    used 4238K, capacity 4399K, committed 4480K, reserved 1048576K
}
Event: 3.254 GC heap after
{Heap after GC invocations=5 (full 0):
 garbage-first heap   total 131072K, used 18623K [0x0000000081e00000, 0x0000000100000000)
  region size 1024K, 3 young (3072K), 3 survivors (3072K)
 Metaspace       used 35324K, capacity 35728K, committed 35888K, reserved 1081344K
  class space    used 4238K, capacity 4399K, committed 4480K, reserved 1048576K
}

