# JRE version: OpenJDK Runtime Environment (8.0_242-b01) (build 1.8.0_242-release-1644-b01)
# Java VM: OpenJDK 64-Bit Server VM (25.242-b01 mixed mode windows-amd64 compressed oops)
Heap:
 PSYoungGen      total 607744K, used 67758K [0x00000000d5580000, 0x0000000100000000, 0x0000000100000000)
  eden space 557568K, 3% used [0x00000000d5580000,0x00000000d66b1de0,0x00000000f7600000)
  from space 50176K, 99% used [0x00000000fcf00000,0x00000000ffff9d90,0x0000000100000000)
  to   space 70656K, 0% used [0x00000000f7600000,0x00000000f7600000,0x00000000fbb00000)
 ParOldGen       total 171008K, used 105967K [0x0000000080000000, 0x000000008a700000, 0x00000000d5580000)
  object space 171008K, 61% used [0x0000000080000000,0x000000008677bd18,0x000000008a700000)
 Metaspace       used 206327K, capacity 216234K, committed 216344K, reserved 1239040K
  class space    used 25166K, capacity 26902K, committed 26928K, reserved 1048576K
GC Heap History (10 events):
Event: 3570.195 GC heap before
{Heap before GC invocations=27 (full 4):
 PSYoungGen      total 643584K, used 195020K [0x00000000d5580000, 0x0000000100000000, 0x0000000100000000)
  eden space 594432K, 27% used [0x00000000d5580000,0x00000000df451360,0x00000000f9a00000)
  from space 49152K, 65% used [0x00000000fcb00000,0x00000000feaa1e48,0x00000000ffb00000)
  to   space 50176K, 0% used [0x00000000f9a00000,0x00000000f9a00000,0x00000000fcb00000)
 ParOldGen       total 129536K, used 93795K [0x0000000080000000, 0x0000000087e80000, 0x00000000d5580000)
  object space 129536K, 72% used [0x0000000080000000,0x0000000085b98ed0,0x0000000087e80000)
 Metaspace       used 156929K, capacity 164186K, committed 164308K, reserved 1193984K
  class space    used 19124K, capacity 20429K, committed 20528K, reserved 1048576K
Event: 3570.217 GC heap after
Heap after GC invocations=27 (full 4):
 PSYoungGen      total 644608K, used 15259K [0x00000000d5580000, 0x00000000ffe00000, 0x0000000100000000)
  eden space 594432K, 0% used [0x00000000d5580000,0x00000000d5580000,0x00000000f9a00000)
  from space 50176K, 30% used [0x00000000f9a00000,0x00000000fa8e6c28,0x00000000fcb00000)
  to   space 48640K, 0% used [0x00000000fce80000,0x00000000fce80000,0x00000000ffe00000)
 ParOldGen       total 129536K, used 93803K [0x0000000080000000, 0x0000000087e80000, 0x00000000d5580000)
  object space 129536K, 72% used [0x0000000080000000,0x0000000085b9aed0,0x0000000087e80000)
 Metaspace       used 156929K, capacity 164186K, committed 164308K, reserved 1193984K
  class space    used 19124K, capacity 20429K, committed 20528K, reserved 1048576K
}
Event: 3570.217 GC heap before
{Heap before GC invocations=28 (full 5):
 PSYoungGen      total 644608K, used 15259K [0x00000000d5580000, 0x00000000ffe00000, 0x0000000100000000)
  eden space 594432K, 0% used [0x00000000d5580000,0x00000000d5580000,0x00000000f9a00000)
  from space 50176K, 30% used [0x00000000f9a00000,0x00000000fa8e6c28,0x00000000fcb00000)
  to   space 48640K, 0% used [0x00000000fce80000,0x00000000fce80000,0x00000000ffe00000)
 ParOldGen       total 129536K, used 93803K [0x0000000080000000, 0x0000000087e80000, 0x00000000d5580000)
  object space 129536K, 72% used [0x0000000080000000,0x0000000085b9aed0,0x0000000087e80000)
 Metaspace       used 156929K, capacity 164186K, committed 164308K, reserved 1193984K
  class space    used 19124K, capacity 20429K, committed 20528K, reserved 1048576K
Event: 3570.521 GC heap after
Heap after GC invocations=28 (full 5):
 PSYoungGen      total 644608K, used 0K [0x00000000d5580000, 0x00000000ffe00000, 0x0000000100000000)
  eden space 594432K, 0% used [0x00000000d5580000,0x00000000d5580000,0x00000000f9a00000)
  from space 50176K, 0% used [0x00000000f9a00000,0x00000000f9a00000,0x00000000fcb00000)
  to   space 48640K, 0% used [0x00000000fce80000,0x00000000fce80000,0x00000000ffe00000)
 ParOldGen       total 171008K, used 69296K [0x0000000080000000, 0x000000008a700000, 0x00000000d5580000)
  object space 171008K, 40% used [0x0000000080000000,0x00000000843ac310,0x000000008a700000)
 Metaspace       used 156910K, capacity 164132K, committed 164308K, reserved 1193984K
  class space    used 19117K, capacity 20416K, committed 20528K, reserved 1048576K
}
Event: 3578.297 GC heap before
{Heap before GC invocations=29 (full 5):
 PSYoungGen      total 644608K, used 594432K [0x00000000d5580000, 0x00000000ffe00000, 0x0000000100000000)
  eden space 594432K, 100% used [0x00000000d5580000,0x00000000f9a00000,0x00000000f9a00000)
  from space 50176K, 0% used [0x00000000f9a00000,0x00000000f9a00000,0x00000000fcb00000)
  to   space 48640K, 0% used [0x00000000fce80000,0x00000000fce80000,0x00000000ffe00000)
 ParOldGen       total 171008K, used 69296K [0x0000000080000000, 0x000000008a700000, 0x00000000d5580000)
  object space 171008K, 40% used [0x0000000080000000,0x00000000843ac310,0x000000008a700000)
 Metaspace       used 164841K, capacity 172112K, committed 172440K, reserved 1200128K
  class space    used 19974K, capacity 21288K, committed 21424K, reserved 1048576K
Event: 3578.352 GC heap after
Heap after GC invocations=29 (full 5):
 PSYoungGen      total 647168K, used 32144K [0x00000000d5580000, 0x0000000100000000, 0x0000000100000000)
  eden space 598528K, 0% used [0x00000000d5580000,0x00000000d5580000,0x00000000f9e00000)
  from space 48640K, 66% used [0x00000000fce80000,0x00000000fede41b8,0x00000000ffe00000)
  to   space 49664K, 0% used [0x00000000f9e00000,0x00000000f9e00000,0x00000000fce80000)
 ParOldGen       total 171008K, used 69304K [0x0000000080000000, 0x000000008a700000, 0x00000000d5580000)
  object space 171008K, 40% used [0x0000000080000000,0x00000000843ae310,0x000000008a700000)
 Metaspace       used 164841K, capacity 172112K, committed 172440K, reserved 1200128K
  class space    used 19974K, capacity 21288K, committed 21424K, reserved 1048576K
}
Event: 3734.258 GC heap before
{Heap before GC invocations=30 (full 5):
 PSYoungGen      total 647168K, used 630672K [0x00000000d5580000, 0x0000000100000000, 0x0000000100000000)
  eden space 598528K, 100% used [0x00000000d5580000,0x00000000f9e00000,0x00000000f9e00000)
  from space 48640K, 66% used [0x00000000fce80000,0x00000000fede41b8,0x00000000ffe00000)
  to   space 49664K, 0% used [0x00000000f9e00000,0x00000000f9e00000,0x00000000fce80000)
 ParOldGen       total 171008K, used 69304K [0x0000000080000000, 0x000000008a700000, 0x00000000d5580000)
  object space 171008K, 40% used [0x0000000080000000,0x00000000843ae310,0x000000008a700000)
 Metaspace       used 177501K, capacity 186146K, committed 186392K, reserved 1212416K
  class space    used 21453K, capacity 22966K, committed 23088K, reserved 1048576K
Event: 3734.282 GC heap after
Heap after GC invocations=30 (full 5):
 PSYoungGen      total 648192K, used 31195K [0x00000000d5580000, 0x0000000100000000, 0x0000000100000000)
  eden space 598528K, 0% used [0x00000000d5580000,0x00000000d5580000,0x00000000f9e00000)
  from space 49664K, 62% used [0x00000000f9e00000,0x00000000fbc76f30,0x00000000fce80000)
  to   space 50176K, 0% used [0x00000000fcf00000,0x00000000fcf00000,0x0000000100000000)
 ParOldGen       total 171008K, used 69312K [0x0000000080000000, 0x000000008a700000, 0x00000000d5580000)
  object space 171008K, 40% used [0x0000000080000000,0x00000000843b0310,0x000000008a700000)
 Metaspace       used 177501K, capacity 186146K, committed 186392K, reserved 1212416K
  class space    used 21453K, capacity 22966K, committed 23088K, reserved 1048576K
}
Event: 3743.001 GC heap before
{Heap before GC invocations=31 (full 5):
 PSYoungGen      total 648192K, used 629723K [0x00000000d5580000, 0x0000000100000000, 0x0000000100000000)
  eden space 598528K, 100% used [0x00000000d5580000,0x00000000f9e00000,0x00000000f9e00000)
  from space 49664K, 62% used [0x00000000f9e00000,0x00000000fbc76f30,0x00000000fce80000)
  to   space 50176K, 0% used [0x00000000fcf00000,0x00000000fcf00000,0x0000000100000000)
 ParOldGen       total 171008K, used 69312K [0x0000000080000000, 0x000000008a700000, 0x00000000d5580000)
  object space 171008K, 40% used [0x0000000080000000,0x00000000843b0310,0x000000008a700000)
 Metaspace       used 206308K, capacity 216228K, committed 216344K, reserved 1239040K
  class space    used 25164K, capacity 26901K, committed 26928K, reserved 1048576K
Event: 3743.099 GC heap after
Heap after GC invocations=31 (full 5):
 PSYoungGen      total 607744K, used 50151K [0x00000000d5580000, 0x0000000100000000, 0x0000000100000000)
  eden space 557568K, 0% used [0x00000000d5580000,0x00000000d5580000,0x00000000f7600000)
  from space 50176K, 99% used [0x00000000fcf00000,0x00000000ffff9d90,0x0000000100000000)
  to   space 70656K, 0% used [0x00000000f7600000,0x00000000f7600000,0x00000000fbb00000)
 ParOldGen       total 171008K, used 105967K [0x0000000080000000, 0x000000008a700000, 0x00000000d5580000)
  object space 171008K, 61% used [0x0000000080000000,0x000000008677bd18,0x000000008a700000)
 Metaspace       used 206308K, capacity 216228K, committed 216344K, reserved 1239040K
  class space    used 25164K, capacity 26901K, committed 26928K, reserved 1048576K
}

